<?xml version="1.0" encoding="UTF-8"?>
<!-- Generated by org.testng.reporters.JUnitXMLReporter -->
<testsuite ignored="0" hostname="DESKTOP-UJAH6P0" failures="1" tests="2" name="Tests on chrome" time="6.348" errors="0" timestamp="2025-05-15T12:42:44 TRT">
  <testcase classname="sample.SampleTest" name="testHomePageLoadsSuccessfully" time="0.034"/>
  <testcase classname="sample.SampleTest" name="testHomePageTitleSuccessfully" time="0.012">
    <failure type="java.lang.AssertionError" message="expected [HomePageExpected.EXPECTED_TITLE] but found [Automation Exercise]">
      <![CDATA[java.lang.AssertionError: expected [HomePageExpected.EXPECTED_TITLE] but found [Automation Exercise]
at sample.SampleTest.testHomePageTitleSuccessfully(SampleTest.java:35)
at java.base/java.util.ArrayList.forEach(ArrayList.java:1596)
at java.base/java.util.concurrent.FutureTask.run(FutureTask.java:317)
at java.base/java.util.concurrent.ThreadPoolExecutor.runWorker(ThreadPoolExecutor.java:1144)
at java.base/java.util.concurrent.ThreadPoolExecutor$Worker.run(ThreadPoolExecutor.java:642)
at java.base/java.lang.Thread.run(Thread.java:1583)
... Removed 21 stack frames]]>
    </failure>
  </testcase> <!-- testHomePageTitleSuccessfully -->
</testsuite> <!-- Tests on chrome -->
